2050 start_logger              154 ---- 2022/02/16 21:59:18.818 -------------------------------------------------
2050 start_logger              160 Host process is 'cmd.exe' (pid 8272)
2050 start_logger              164 DLL path is 'D:\Projects\winappdbg-practice\cmder_mini\vendor\clink'
2050 start_logger              178 Windows version 10.0.19044 (x64)
2050 start_logger              181 Clink version 1.2.46.69fc92 (x64)
2050 hook_setter::hook_setter  156 >>> Started hook transaction.
2050 hook_setter::attach_iat   313 Attempting to hook SetEnvironmentVariableW in IAT for module 00007FF74AE50000.
2050 pe_info::iterate_imports  160 Found import in 'api-ms-win-core-processenvironment-l1-1-0.dll'
2050 find_iat                  121 Found import at 00007FF74AE83860 (value is 00007FFE778BC370).
2050 hook_setter::attach_iat   313 Attempting to hook WriteConsoleW in IAT for module 00007FF74AE50000.
2050 pe_info::iterate_imports  160 Found import in 'api-ms-win-core-console-l1-1-0.dll'
2050 find_iat                  121 Found import at 00007FF74AE834F8 (value is 00007FFE778615C0).
2050 hook_setter::attach_iat   313 Attempting to hook GetEnvironmentVariableW in IAT for module 00007FF74AE50000.
2050 pe_info::iterate_imports  160 Found import in 'api-ms-win-core-processenvironment-l1-1-0.dll'
2050 find_iat                  121 Found import at 00007FF74AE83880 (value is 00007FFE7787AB60).
2050 hook_setter::commit       204 <<< Hook transaction committed.
2050 hook_setter::hook_setter  156 >>> Started hook transaction.
2050 hook_setter::detach_iat   356 Attempting to unhook 00007FFE3EADADF0 from GetEnvironmentVariableW in IAT for module 00007FF74AE50000.
2050 pe_info::iterate_imports  160 Found import in 'api-ms-win-core-processenvironment-l1-1-0.dll'
2050 find_iat                  121 Found import at 00007FF74AE83880 (value is 00007FFE3EADADF0).
2050 hook_setter::commit       204 <<< Hook transaction committed.
2050 hook_setter::hook_setter  156 >>> Started hook transaction.
2050 hook_setter::attach_iat   313 Attempting to hook ReadConsoleW in IAT for module 00007FF74AE50000.
2050 pe_info::iterate_imports  160 Found import in 'api-ms-win-core-console-l1-1-0.dll'
2050 find_iat                  121 Found import at 00007FF74AE834E0 (value is 00007FFE7794E530).
2050 hook_setter::commit       204 <<< Hook transaction committed.
2050 reset_handle              145 resetting mismatched stdout handle
2050 win_screen_buffer::begin  227 Using native terminal support; found 'ConEmuHk64.dll'.
2050 history_db::initialise   1268 master bank ctag: |CTAG_1644934880_180625968_37420_0
2050 history_db::compact      1492 History:  52 active, 139 deleted
2050 history_db::compact      1492 History:  53 active, 139 deleted
2050 history_db::compact      1492 History:  53 active, 140 deleted
2050 history_db::compact      1492 History:  53 active, 141 deleted
2050 history_db::compact      1492 History:  54 active, 141 deleted
2050 history_db::compact      1492 History:  54 active, 142 deleted
2050 history_db::compact      1492 History:  54 active, 143 deleted
2050 history_db::compact      1492 History:  55 active, 143 deleted
2050 history_db::compact      1492 History:  55 active, 143 deleted
2050 history_db::compact      1492 History:  55 active, 143 deleted
2050 history_db::compact      1492 History:  56 active, 143 deleted
2050 history_db::compact      1492 History:  57 active, 143 deleted
2050 history_db::compact      1492 History:  58 active, 143 deleted
2050 reset_handle              145 resetting mismatched stdout handle
2050 reset_handle              145 resetting mismatched stderr handle
2050 history_db::compact      1492 History:  58 active, 144 deleted
2050 history_db::compact      1492 History:  58 active, 145 deleted
2050 history_db::compact      1492 History:  58 active, 146 deleted
2050 history_db::compact      1492 History:  58 active, 147 deleted
2050 reset_handle              145 resetting mismatched stdout handle
2050 history_db::compact      1492 History:  58 active, 148 deleted
2050 history_db::compact      1492 History:  59 active, 148 deleted
2050 history_db::compact      1492 History:  60 active, 148 deleted
2050 reset_handle              145 resetting mismatched stdout handle
2050 history_db::compact      1492 History:  61 active, 148 deleted
2050 history_db::compact      1492 History:  62 active, 148 deleted
2050 history_db::compact      1492 History:  62 active, 149 deleted
2050 reset_handle              145 resetting mismatched stderr handle
2050 history_db::compact      1492 History:  63 active, 149 deleted
2050 history_db::compact      1492 History:  63 active, 149 deleted
2050 history_db::compact      1492 History:  63 active, 150 deleted
2050 history_db::compact      1492 History:  64 active, 150 deleted
2050 history_db::compact      1492 History:  65 active, 150 deleted
2050 reset_handle              145 resetting mismatched stderr handle
2050 history_db::compact      1492 History:  65 active, 151 deleted
2050 history_db::compact      1492 History:  66 active, 151 deleted
2050 history_db::compact      1492 History:  67 active, 151 deleted
2050 reset_handle              145 resetting mismatched stdout handle
2050 history_db::compact      1492 History:  67 active, 151 deleted
2050 history_db::compact      1492 History:  67 active, 151 deleted
2050 history_db::compact      1492 History:  67 active, 152 deleted
2050 history_db::compact      1492 History:  68 active, 152 deleted
